<?xml version="1.0" encoding="UTF-8"?>
<testsuite name="eu.kaluzinski.ctcc.arrays_strings.UniqueCharactersFinderTest" tests="2" skipped="0" failures="0" errors="0" timestamp="2024-08-26T17:43:43" hostname="fv-az665-713" time="0.003">
  <properties/>
  <testcase name="shouldReturnTrueWhenAllCharactersAreUnique()" classname="eu.kaluzinski.ctcc.arrays_strings.UniqueCharactersFinderTest" time="0.001"/>
  <testcase name="shouldReturnFalseWhenNotAllCharactersAreUnique()" classname="eu.kaluzinski.ctcc.arrays_strings.UniqueCharactersFinderTest" time="0.001"/>
  <system-out><![CDATA[]]></system-out>
  <system-err><![CDATA[]]></system-err>
</testsuite>
