<?xml version="1.0" encoding="UTF-8"?>
<testsuite name="eu.kaluzinski.mf_importer.MonefyImporterTest" tests="2" skipped="0" failures="0" errors="0" timestamp="2024-08-26T17:43:43" hostname="fv-az665-713" time="0.005">
  <properties/>
  <testcase name="shouldImportEmptyFile()" classname="eu.kaluzinski.mf_importer.MonefyImporterTest" time="0.002"/>
  <testcase name="shouldImportBasicFile()" classname="eu.kaluzinski.mf_importer.MonefyImporterTest" time="0.001"/>
  <system-out><![CDATA[]]></system-out>
  <system-err><![CDATA[]]></system-err>
</testsuite>
