<?xml version="1.0" encoding="UTF-8"?>
<testsuite name="eu.kaluzinski.mf_importer.CurrencyUnawareHeaderMapperTest" tests="2" skipped="0" failures="0" errors="0" timestamp="2024-08-26T17:43:43" hostname="fv-az665-713" time="0.005">
  <properties/>
  <testcase name="shouldMapHeaders()" classname="eu.kaluzinski.mf_importer.CurrencyUnawareHeaderMapperTest" time="0.001"/>
  <testcase name="shouldGetHeaderIndices()" classname="eu.kaluzinski.mf_importer.CurrencyUnawareHeaderMapperTest" time="0.003"/>
  <system-out><![CDATA[]]></system-out>
  <system-err><![CDATA[]]></system-err>
</testsuite>
