<?xml version="1.0" encoding="UTF-8"?>
<testsuite name="eu.kaluzinski.mf_importer.reports.BasicAccountReportTest" tests="1" skipped="0" failures="0" errors="0" timestamp="2024-08-26T17:43:43" hostname="fv-az665-713" time="0.002">
  <properties/>
  <testcase name="shouldPrepareBasicAccountReport()" classname="eu.kaluzinski.mf_importer.reports.BasicAccountReportTest" time="0.002"/>
  <system-out><![CDATA[]]></system-out>
  <system-err><![CDATA[]]></system-err>
</testsuite>
