<?xml version="1.0" encoding="UTF-8"?>
<testsuite name="eu.kaluzinski.ctcc.arrays_strings.URLifyTest" tests="1" skipped="0" failures="0" errors="0" timestamp="2024-08-26T17:43:43" hostname="fv-az665-713" time="0.006">
  <properties/>
  <testcase name="shouldUrlEncodeSpaces()" classname="eu.kaluzinski.ctcc.arrays_strings.URLifyTest" time="0.006"/>
  <system-out><![CDATA[]]></system-out>
  <system-err><![CDATA[]]></system-err>
</testsuite>
